<?xml version="1.0" encoding="UTF-8"?>
<!-- Generated by org.testng.reporters.JUnitXMLReporter -->
<testsuite hostname="MSI" ignored="0" name="Command line test" tests="8" failures="0" timestamp="26 十月 2018 05:44:30 GMT" time="3.362" errors="0">
  <testcase name="@AfterMethod springTestContextAfterTestMethod" time="0.039" classname="org.springframework.test.context.testng.AbstractTestNGSpringContextTests">
    <failure type="org.springframework.orm.jpa.JpaSystemException" message="org.hibernate.exception.ConstraintViolationException: could not execute statement; nested exception is javax.persistence.PersistenceException: org.hibernate.exception.ConstraintViolationException: could not execute statement">
      <![CDATA[org.springframework.orm.jpa.JpaSystemException: org.hibernate.exception.ConstraintViolationException: could not execute statement; nested exception is javax.persistence.PersistenceException: org.hibernate.exception.ConstraintViolationException: could not execute statement
at org.springframework.orm.jpa.EntityManagerFactoryUtils.convertJpaAccessExceptionIfPossible(EntityManagerFactoryUtils.java:401)
at org.springframework.orm.jpa.DefaultJpaDialect.translateExceptionIfPossible(DefaultJpaDialect.java:127)
at org.springframework.orm.jpa.JpaTransactionManager.doCommit(JpaTransactionManager.java:540)
at org.springframework.transaction.support.AbstractPlatformTransactionManager.processCommit(AbstractPlatformTransactionManager.java:746)
at org.springframework.transaction.support.AbstractPlatformTransactionManager.commit(AbstractPlatformTransactionManager.java:714)
at org.springframework.test.context.transaction.TransactionContext.endTransaction(TransactionContext.java:131)
at org.springframework.test.context.transaction.TransactionalTestExecutionListener.afterTestMethod(TransactionalTestExecutionListener.java:216)
at org.springframework.test.context.TestContextManager.afterTestMethod(TestContextManager.java:443)
at org.springframework.test.context.testng.AbstractTestNGSpringContextTests.springTestContextAfterTestMethod(AbstractTestNGSpringContextTests.java:210)
Caused by: javax.persistence.PersistenceException: org.hibernate.exception.ConstraintViolationException: could not execute statement
at org.hibernate.internal.ExceptionConverterImpl.convert(ExceptionConverterImpl.java:154)
at org.hibernate.internal.ExceptionConverterImpl.convert(ExceptionConverterImpl.java:181)
at org.hibernate.internal.ExceptionConverterImpl.convertCommitException(ExceptionConverterImpl.java:65)
at org.hibernate.engine.transaction.internal.TransactionImpl.commit(TransactionImpl.java:101)
at org.springframework.orm.jpa.JpaTransactionManager.doCommit(JpaTransactionManager.java:536)
... 43 more
Caused by: org.hibernate.exception.ConstraintViolationException: could not execute statement
at org.hibernate.exception.internal.SQLExceptionTypeDelegate.convert(SQLExceptionTypeDelegate.java:59)
at org.hibernate.exception.internal.StandardSQLExceptionConverter.convert(StandardSQLExceptionConverter.java:42)
at org.hibernate.engine.jdbc.spi.SqlExceptionHelper.convert(SqlExceptionHelper.java:113)
at org.hibernate.engine.jdbc.spi.SqlExceptionHelper.convert(SqlExceptionHelper.java:99)
at org.hibernate.engine.jdbc.internal.ResultSetReturnImpl.executeUpdate(ResultSetReturnImpl.java:178)
at org.hibernate.persister.entity.AbstractEntityPersister.insert(AbstractEntityPersister.java:3171)
at org.hibernate.persister.entity.AbstractEntityPersister.insert(AbstractEntityPersister.java:3686)
at org.hibernate.action.internal.EntityInsertAction.execute(EntityInsertAction.java:90)
at org.hibernate.engine.spi.ActionQueue.executeActions(ActionQueue.java:604)
at org.hibernate.engine.spi.ActionQueue.executeActions(ActionQueue.java:478)
at org.hibernate.event.internal.AbstractFlushingEventListener.performExecutions(AbstractFlushingEventListener.java:356)
at org.hibernate.event.internal.DefaultFlushEventListener.onFlush(DefaultFlushEventListener.java:39)
at org.hibernate.internal.SessionImpl.doFlush(SessionImpl.java:1454)
at org.hibernate.internal.SessionImpl.managedFlush(SessionImpl.java:511)
at org.hibernate.internal.SessionImpl.flushBeforeTransactionCompletion(SessionImpl.java:3283)
at org.hibernate.internal.SessionImpl.beforeTransactionCompletion(SessionImpl.java:2479)
at org.hibernate.engine.jdbc.internal.JdbcCoordinatorImpl.beforeTransactionCompletion(JdbcCoordinatorImpl.java:473)
at org.hibernate.resource.transaction.backend.jdbc.internal.JdbcResourceLocalTransactionCoordinatorImpl.beforeCompletionCallback(JdbcResourceLocalTransactionCoordinatorImpl.java:178)
at org.hibernate.resource.transaction.backend.jdbc.internal.JdbcResourceLocalTransactionCoordinatorImpl.access$300(JdbcResourceLocalTransactionCoordinatorImpl.java:39)
at org.hibernate.resource.transaction.backend.jdbc.internal.JdbcResourceLocalTransactionCoordinatorImpl$TransactionDriverControlImpl.commit(JdbcResourceLocalTransactionCoordinatorImpl.java:271)
at org.hibernate.engine.transaction.internal.TransactionImpl.commit(TransactionImpl.java:98)
... 44 more
Caused by: java.sql.SQLIntegrityConstraintViolationException: Duplicate entry '1' for key 'PRIMARY'
at com.mysql.cj.jdbc.exceptions.SQLError.createSQLException(SQLError.java:117)
at com.mysql.cj.jdbc.exceptions.SQLError.createSQLException(SQLError.java:97)
at com.mysql.cj.jdbc.exceptions.SQLExceptionsMapping.translateException(SQLExceptionsMapping.java:122)
at com.mysql.cj.jdbc.ClientPreparedStatement.executeInternal(ClientPreparedStatement.java:975)
at com.mysql.cj.jdbc.ClientPreparedStatement.executeUpdateInternal(ClientPreparedStatement.java:1114)
at com.mysql.cj.jdbc.ClientPreparedStatement.executeUpdateInternal(ClientPreparedStatement.java:1062)
at com.mysql.cj.jdbc.ClientPreparedStatement.executeLargeUpdate(ClientPreparedStatement.java:1383)
at com.mysql.cj.jdbc.ClientPreparedStatement.executeUpdate(ClientPreparedStatement.java:1047)
at org.apache.tomcat.jdbc.pool.StatementFacade$StatementProxy.invoke(StatementFacade.java:114)
at com.sun.proxy.$Proxy80.executeUpdate(Unknown Source)
at org.hibernate.engine.jdbc.internal.ResultSetReturnImpl.executeUpdate(ResultSetReturnImpl.java:175)
... 60 more
... Removed 41 stack frames]]>
    </failure>
  </testcase> <!-- @AfterMethod springTestContextAfterTestMethod -->
  <testcase name="addProgramFail" time="0.137" classname="springrest.api.controller.ProgramControllerTest"/>
  <testcase name="addProgramPass" time="0.082" classname="springrest.api.controller.ProgramControllerTest"/>
  <testcase name="deleteProgram" time="0.0" classname="springrest.api.controller.ProgramControllerTest">
    <skipped/>
  </testcase> <!-- deleteProgram -->
  <testcase name="editProgramFail" time="0.0" classname="springrest.api.controller.ProgramControllerTest">
    <skipped/>
  </testcase> <!-- editProgramFail -->
  <testcase name="editProgramPass" time="0.0" classname="springrest.api.controller.ProgramControllerTest">
    <skipped/>
  </testcase> <!-- editProgramPass -->
  <testcase name="getProgram" time="0.0" classname="springrest.api.controller.ProgramControllerTest">
    <skipped/>
  </testcase> <!-- getProgram -->
  <testcase name="getPrograms" time="0.0" classname="springrest.api.controller.ProgramControllerTest">
    <skipped/>
  </testcase> <!-- getPrograms -->
  <testcase name="getPrograms2" time="0.0" classname="springrest.api.controller.ProgramControllerTest">
    <skipped/>
  </testcase> <!-- getPrograms2 -->
</testsuite> <!-- Command line test -->
