<?xml version="1.0" encoding="UTF-8"?>
<!-- Generated by org.testng.reporters.JUnitXMLReporter -->
<testsuite hostname="MSI" ignored="0" name="Command line test" tests="7" failures="0" timestamp="25 十月 2018 09:48:37 GMT" time="3.286" errors="0">
  <testcase name="addProgramFail" time="0.131" classname="springrest.api.controller.ProgramControllerTest"/>
  <testcase name="addProgramPass" time="0.111" classname="springrest.api.controller.ProgramControllerTest"/>
  <testcase name="editProgramFail" time="0.007" classname="springrest.api.controller.ProgramControllerTest"/>
  <testcase name="editProgramPass" time="0.016" classname="springrest.api.controller.ProgramControllerTest"/>
  <testcase name="getProgram" time="0.053" classname="springrest.api.controller.ProgramControllerTest"/>
  <testcase name="getPrograms" time="0.126" classname="springrest.api.controller.ProgramControllerTest"/>
  <testcase name="getPrograms2" time="0.016" classname="springrest.api.controller.ProgramControllerTest"/>
</testsuite> <!-- Command line test -->
