<?xml version="1.0" encoding="UTF-8"?>
<!-- Generated by org.testng.reporters.JUnitXMLReporter -->
<testsuite hostname="MSI" ignored="0" name="Command line test" tests="23" failures="0" timestamp="26 十月 2018 05:52:02 GMT" time="3.827" errors="0">
  <testcase name="addEventAttendeeFail" time="0.219" classname="springrest.api.controller.EventControllerTest"/>
  <testcase name="addEventAttendeePass" time="0.047" classname="springrest.api.controller.EventControllerTest"/>
  <testcase name="addEventFail" time="0.015" classname="springrest.api.controller.EventControllerTest"/>
  <testcase name="addEventPass" time="0.094" classname="springrest.api.controller.EventControllerTest"/>
  <testcase name="approveEventFail" time="0.015" classname="springrest.api.controller.EventControllerTest"/>
  <testcase name="approveEventPass" time="0.016" classname="springrest.api.controller.EventControllerTest"/>
  <testcase name="getEvent" time="0.074" classname="springrest.api.controller.EventControllerTest"/>
  <testcase name="getEventAttendee2" time="0.022" classname="springrest.api.controller.EventControllerTest"/>
  <testcase name="getEvents" time="0.124" classname="springrest.api.controller.EventControllerTest"/>
  <testcase name="getEvents2" time="0.031" classname="springrest.api.controller.EventControllerTest"/>
  <testcase name="addProgramFail" time="0.0" classname="springrest.api.controller.ProgramControllerTest"/>
  <testcase name="addProgramPass" time="0.038" classname="springrest.api.controller.ProgramControllerTest"/>
  <testcase name="deleteProgram" time="0.0" classname="springrest.api.controller.ProgramControllerTest"/>
  <testcase name="editProgramFail" time="0.015" classname="springrest.api.controller.ProgramControllerTest"/>
  <testcase name="editProgramPass" time="0.0" classname="springrest.api.controller.ProgramControllerTest"/>
  <testcase name="getProgram" time="0.0" classname="springrest.api.controller.ProgramControllerTest"/>
  <testcase name="getPrograms" time="0.0" classname="springrest.api.controller.ProgramControllerTest"/>
  <testcase name="getPrograms2" time="0.0" classname="springrest.api.controller.ProgramControllerTest"/>
  <testcase name="addUserFail" time="0.002" classname="springrest.api.controller.UserControllerTest"/>
  <testcase name="addUserPass" time="0.035" classname="springrest.api.controller.UserControllerTest"/>
  <testcase name="getUser" time="0.016" classname="springrest.api.controller.UserControllerTest"/>
  <testcase name="getUsers" time="0.016" classname="springrest.api.controller.UserControllerTest"/>
  <testcase name="getUsers2" time="0.016" classname="springrest.api.controller.UserControllerTest"/>
</testsuite> <!-- Command line test -->
