<?xml version="1.0" encoding="UTF-8"?>
<!-- Generated by org.testng.reporters.JUnitXMLReporter -->
<testsuite hostname="MSI" ignored="0" name="Command line test" tests="5" failures="0" timestamp="25 十月 2018 09:35:53 GMT" time="3.626" errors="0">
  <testcase name="addUserFail" time="0.17" classname="springrest.api.controller.UserControllerTest"/>
  <testcase name="addUserPass" time="0.225" classname="springrest.api.controller.UserControllerTest"/>
  <testcase name="getUser" time="0.083" classname="springrest.api.controller.UserControllerTest"/>
  <testcase name="getUsers" time="0.154" classname="springrest.api.controller.UserControllerTest"/>
  <testcase name="getUsers2" time="0.029" classname="springrest.api.controller.UserControllerTest"/>
</testsuite> <!-- Command line test -->
